Arguments: 
  /usr/bin/nodejs /usr/share/yarn/bin/yarn.js add @symfony/webpack-encore --dev

PATH: 
  /opt/firefox/firefox:/usr/local/sbin:/usr/local/bin:/usr/sbin:/usr/bin:/sbin:/bin:/usr/games:/usr/local/games:/snap/bin

Yarn version: 
  1.9.0-20180719.1538

Node version: 
  4.2.6

Platform: 
  linux x64

Trace: 
  SyntaxError: /var/www/html/SymfonyWebPack/package.json: Unexpected end of input
      at Object.parse (native)
      at /usr/share/yarn/lib/cli.js:1130:59
      at next (native)
      at step (/usr/share/yarn/lib/cli.js:92:30)
      at /usr/share/yarn/lib/cli.js:103:13
      at run (/usr/share/yarn/lib/cli.js:94124:22)
      at /usr/share/yarn/lib/cli.js:94137:28
      at flush (/usr/share/yarn/lib/cli.js:93650:9)
      at nextTickCallbackWith0Args (node.js:419:9)
      at process._tickCallback (node.js:348:13)

npm manifest: 
  

yarn manifest: 
  No manifest

Lockfile: 
  # THIS IS AN AUTOGENERATED FILE. DO NOT EDIT THIS FILE DIRECTLY.
  # yarn lockfile v1
